  hw1.cpp
hw1.cpp(197): warning C4244: 'argument': conversion from 'double' to 'float', possible loss of data
hw1.cpp(329): warning C4305: 'argument': truncation from 'double' to 'float'
hw1.cpp(329): warning C4244: 'argument': conversion from 'double' to 'float', possible loss of data
hw1.cpp(786): warning C4305: 'initializing': truncation from 'double' to 'float'
hw1.cpp(787): warning C4305: 'initializing': truncation from 'double' to 'float'
hw1.cpp(885): warning C4018: '<': signed/unsigned mismatch
hw1.cpp(1040): warning C4244: '=': conversion from 'double' to 'float', possible loss of data
hw1.cpp(1042): warning C4244: '=': conversion from 'double' to 'float', possible loss of data
hw1.cpp(1054): warning C4838: conversion from 'double' to 'float' requires a narrowing conversion
hw1.cpp(1054): warning C4244: 'initializing': conversion from 'double' to 'float', possible loss of data
hw1.cpp(1062): warning C4305: 'initializing': truncation from 'double' to 'float'
hw1.cpp(1063): warning C4305: 'initializing': truncation from 'double' to 'float'
hw1.cpp(1081): warning C4244: '=': conversion from 'double' to 'float', possible loss of data
hw1.cpp(1082): warning C4244: '=': conversion from 'double' to 'float', possible loss of data
hw1.cpp(1089): warning C4305: 'argument': truncation from 'double' to 'float'
hw1.cpp(1089): warning C4244: 'argument': conversion from 'double' to 'float', possible loss of data
hw1.cpp(1025): warning C4101: 'u': unreferenced local variable
hw1.cpp(1269): warning C4800: 'int': forcing value to bool 'true' or 'false' (performance warning)
c:\users\lian4\onedrive\documents\visual studio 2015\projects\hw2-startercode\hw1-startercode\hw1.cpp(476): warning C4715: 'readTextImage': not all control paths return a value
  jpeg.lib(jerror.obj) : MSIL .netmodule or module compiled with /GL found; restarting link with /LTCG; add /LTCG to the link command line to improve linker performance
LINK : warning LNK4075: ignoring '/INCREMENTAL' due to '/LTCG' specification
LINK : warning LNK4098: defaultlib 'MSVCRT' conflicts with use of other libs; use /NODEFAULTLIB:library
  Generating code
  Finished generating code
  hw1.vcxproj -> C:\Users\lian4\OneDrive\Documents\Visual Studio 2015\Projects\hw2-starterCode\hw1-starterCode\\Bin\Debug\hw1.exe
  hw1.vcxproj -> C:\Users\lian4\OneDrive\Documents\Visual Studio 2015\Projects\hw2-starterCode\hw1-starterCode\\Bin\Debug\hw1.pdb (Full PDB)
